# JRE version: OpenJDK Runtime Environment (8.0_152-b01) (build 1.8.0_152-release-1343-b01)
# Java VM: OpenJDK 64-Bit Server VM (25.152-b01 mixed mode windows-amd64 compressed oops)
Heap:
 PSYoungGen      total 152064K, used 92040K [0x00000000e0000000, 0x00000000eb100000, 0x0000000100000000)
  eden space 133632K, 55% used [0x00000000e0000000,0x00000000e47e4248,0x00000000e8280000)
  from space 18432K, 99% used [0x00000000e9800000,0x00000000ea9fde80,0x00000000eaa00000)
  to   space 22016K, 0% used [0x00000000e8280000,0x00000000e8280000,0x00000000e9800000)
 ParOldGen       total 131584K, used 31406K [0x00000000a0000000, 0x00000000a8080000, 0x00000000e0000000)
  object space 131584K, 23% used [0x00000000a0000000,0x00000000a1eaba40,0x00000000a8080000)
 Metaspace       used 74253K, capacity 77060K, committed 77272K, reserved 1116160K
  class space    used 9765K, capacity 10382K, committed 10496K, reserved 1048576K
GC Heap History (10 events):
Event: 30.825 GC heap before
{Heap before GC invocations=17 (full 2):
 PSYoungGen      total 111616K, used 32960K [0x00000000e0000000, 0x00000000e8480000, 0x0000000100000000)
  eden space 97792K, 19% used [0x00000000e0000000,0x00000000e12b4fe0,0x00000000e5f80000)
  from space 13824K, 99% used [0x00000000e7000000,0x00000000e7d7b3b8,0x00000000e7d80000)
  to   space 16896K, 0% used [0x00000000e5f80000,0x00000000e5f80000,0x00000000e7000000)
 ParOldGen       total 93696K, used 20131K [0x00000000a0000000, 0x00000000a5b80000, 0x00000000e0000000)
  object space 93696K, 21% used [0x00000000a0000000,0x00000000a13a8ca8,0x00000000a5b80000)
 Metaspace       used 57457K, capacity 59064K, committed 59096K, reserved 1099776K
  class space    used 7769K, capacity 8160K, committed 8192K, reserved 1048576K
Event: 30.843 GC heap after
Heap after GC invocations=17 (full 2):
 PSYoungGen      total 114688K, used 13086K [0x00000000e0000000, 0x00000000ea200000, 0x0000000100000000)
  eden space 97792K, 0% used [0x00000000e0000000,0x00000000e0000000,0x00000000e5f80000)
  from space 16896K, 77% used [0x00000000e5f80000,0x00000000e6c479b0,0x00000000e7000000)
  to   space 17408K, 0% used [0x00000000e9100000,0x00000000e9100000,0x00000000ea200000)
 ParOldGen       total 93696K, used 20139K [0x00000000a0000000, 0x00000000a5b80000, 0x00000000e0000000)
  object space 93696K, 21% used [0x00000000a0000000,0x00000000a13aaca8,0x00000000a5b80000)
 Metaspace       used 57457K, capacity 59064K, committed 59096K, reserved 1099776K
  class space    used 7769K, capacity 8160K, committed 8192K, reserved 1048576K
}
Event: 30.843 GC heap before
{Heap before GC invocations=18 (full 3):
 PSYoungGen      total 114688K, used 13086K [0x00000000e0000000, 0x00000000ea200000, 0x0000000100000000)
  eden space 97792K, 0% used [0x00000000e0000000,0x00000000e0000000,0x00000000e5f80000)
  from space 16896K, 77% used [0x00000000e5f80000,0x00000000e6c479b0,0x00000000e7000000)
  to   space 17408K, 0% used [0x00000000e9100000,0x00000000e9100000,0x00000000ea200000)
 ParOldGen       total 93696K, used 20139K [0x00000000a0000000, 0x00000000a5b80000, 0x00000000e0000000)
  object space 93696K, 21% used [0x00000000a0000000,0x00000000a13aaca8,0x00000000a5b80000)
 Metaspace       used 57457K, capacity 59064K, committed 59096K, reserved 1099776K
  class space    used 7769K, capacity 8160K, committed 8192K, reserved 1048576K
Event: 31.095 GC heap after
Heap after GC invocations=18 (full 3):
 PSYoungGen      total 114688K, used 0K [0x00000000e0000000, 0x00000000ea200000, 0x0000000100000000)
  eden space 97792K, 0% used [0x00000000e0000000,0x00000000e0000000,0x00000000e5f80000)
  from space 16896K, 0% used [0x00000000e5f80000,0x00000000e5f80000,0x00000000e7000000)
  to   space 17408K, 0% used [0x00000000e9100000,0x00000000e9100000,0x00000000ea200000)
 ParOldGen       total 131584K, used 28052K [0x00000000a0000000, 0x00000000a8080000, 0x00000000e0000000)
  object space 131584K, 21% used [0x00000000a0000000,0x00000000a1b652b0,0x00000000a8080000)
 Metaspace       used 57457K, capacity 59064K, committed 59096K, reserved 1099776K
  class space    used 7769K, capacity 8160K, committed 8192K, reserved 1048576K
}
Event: 34.358 GC heap before
{Heap before GC invocations=19 (full 3):
 PSYoungGen      total 114688K, used 97792K [0x00000000e0000000, 0x00000000ea200000, 0x0000000100000000)
  eden space 97792K, 100% used [0x00000000e0000000,0x00000000e5f80000,0x00000000e5f80000)
  from space 16896K, 0% used [0x00000000e5f80000,0x00000000e5f80000,0x00000000e7000000)
  to   space 17408K, 0% used [0x00000000e9100000,0x00000000e9100000,0x00000000ea200000)
 ParOldGen       total 131584K, used 28052K [0x00000000a0000000, 0x00000000a8080000, 0x00000000e0000000)
  object space 131584K, 21% used [0x00000000a0000000,0x00000000a1b652b0,0x00000000a8080000)
 Metaspace       used 61819K, capacity 63884K, committed 63960K, reserved 1103872K
  class space    used 8448K, capacity 8898K, committed 8960K, reserved 1048576K
Event: 34.371 GC heap after
Heap after GC invocations=19 (full 3):
 PSYoungGen      total 127488K, used 7473K [0x00000000e0000000, 0x00000000e9880000, 0x0000000100000000)
  eden space 119808K, 0% used [0x00000000e0000000,0x00000000e0000000,0x00000000e7500000)
  from space 7680K, 97% used [0x00000000e9100000,0x00000000e984c580,0x00000000e9880000)
  to   space 16896K, 0% used [0x00000000e7780000,0x00000000e7780000,0x00000000e8800000)
 ParOldGen       total 131584K, used 28060K [0x00000000a0000000, 0x00000000a8080000, 0x00000000e0000000)
  object space 131584K, 21% used [0x00000000a0000000,0x00000000a1b672b0,0x00000000a8080000)
 Metaspace       used 61819K, capacity 63884K, committed 63960K, reserved 1103872K
  class space    used 8448K, capacity 8898K, committed 8960K, reserved 1048576K
}
Event: 40.992 GC heap before
{Heap before GC invocations=20 (full 3):
 PSYoungGen      total 127488K, used 127281K [0x00000000e0000000, 0x00000000e9880000, 0x0000000100000000)
  eden space 119808K, 100% used [0x00000000e0000000,0x00000000e7500000,0x00000000e7500000)
  from space 7680K, 97% used [0x00000000e9100000,0x00000000e984c580,0x00000000e9880000)
  to   space 16896K, 0% used [0x00000000e7780000,0x00000000e7780000,0x00000000e8800000)
 ParOldGen       total 131584K, used 28060K [0x00000000a0000000, 0x00000000a8080000, 0x00000000e0000000)
  object space 131584K, 21% used [0x00000000a0000000,0x00000000a1b672b0,0x00000000a8080000)
 Metaspace       used 67474K, capacity 69964K, committed 70104K, reserved 1110016K
  class space    used 9128K, capacity 9678K, committed 9728K, reserved 1048576K
Event: 41.034 GC heap after
Heap after GC invocations=20 (full 3):
 PSYoungGen      total 139264K, used 15295K [0x00000000e0000000, 0x00000000eaa00000, 0x0000000100000000)
  eden space 122368K, 0% used [0x00000000e0000000,0x00000000e0000000,0x00000000e7780000)
  from space 16896K, 90% used [0x00000000e7780000,0x00000000e866fc28,0x00000000e8800000)
  to   space 18432K, 0% used [0x00000000e9800000,0x00000000e9800000,0x00000000eaa00000)
 ParOldGen       total 131584K, used 28068K [0x00000000a0000000, 0x00000000a8080000, 0x00000000e0000000)
  object space 131584K, 21% used [0x00000000a0000000,0x00000000a1b692b0,0x00000000a8080000)
 Metaspace       used 67474K, capacity 69964K, committed 70104K, reserved 1110016K
  class space    used 9128K, capacity 9678K, committed 9728K, reserved 1048576K
}
Event: 337.254 GC heap before
{Heap before GC invocations=21 (full 3):
 PSYoungGen      total 139264K, used 137663K [0x00000000e0000000, 0x00000000eaa00000, 0x0000000100000000)
  eden space 122368K, 100% used [0x00000000e0000000,0x00000000e7780000,0x00000000e7780000)
  from space 16896K, 90% used [0x00000000e7780000,0x00000000e866fc28,0x00000000e8800000)
  to   space 18432K, 0% used [0x00000000e9800000,0x00000000e9800000,0x00000000eaa00000)
 ParOldGen       total 131584K, used 28068K [0x00000000a0000000, 0x00000000a8080000, 0x00000000e0000000)
  object space 131584K, 21% used [0x00000000a0000000,0x00000000a1b692b0,0x00000000a8080000)
 Metaspace       used 72768K, capacity 75474K, committed 75736K, reserved 1114112K
  class space    used 9601K, capacity 10177K, committed 10240K, reserved 1048576K
Event: 337.280 GC heap after
Heap after GC invocations=21 (full 3):
 PSYoungGen      total 152064K, used 18423K [0x00000000e0000000, 0x00000000eb100000, 0x0000000100000000)
  eden space 133632K, 0% used [0x00000000e0000000,0x00000000e0000000,0x00000000e8280000)
  from space 18432K, 99% used [0x00000000e9800000,0x00000000ea9fde80,0x00000000eaa00000)
  to   space 22016K, 0% used [0x00000000e8280000,0x00000000e8280000,0x00000000e9800000)
 ParOldGen       total 131584K, used 31406K [0x00000000a0000000, 0x00000000a8080000, 0x00000000e0000000)
  object space 131584K, 23% used [0x00000000a0000000,0x00000000a1eaba40,0x00000000a8080000)
 Metaspace       used 72768K, capacity 75474K, committed 75736K, reserved 1114112K
  class space    used 9601K, capacity 10177K, committed 10240K, reserved 1048576K
}

